mode: set
campyuk-api/features/booking/service/service.go:19.82,24.2 1 1
campyuk-api/features/booking/service/service.go:26.96,28.21 2 1
campyuk-api/features/booking/service/service.go:33.2,39.24 5 1
campyuk-api/features/booking/service/service.go:43.2,47.16 3 1
campyuk-api/features/booking/service/service.go:52.2,52.17 1 1
campyuk-api/features/booking/service/service.go:28.21,30.3 1 1
campyuk-api/features/booking/service/service.go:39.24,42.3 2 1
campyuk-api/features/booking/service/service.go:47.16,50.3 2 1
campyuk-api/features/booking/service/service.go:55.105,57.39 2 1
campyuk-api/features/booking/service/service.go:61.2,61.14 1 1
campyuk-api/features/booking/service/service.go:64.2,69.16 4 1
campyuk-api/features/booking/service/service.go:74.2,83.29 8 1
campyuk-api/features/booking/service/service.go:57.39,59.3 1 1
campyuk-api/features/booking/service/service.go:61.14,63.3 1 0
campyuk-api/features/booking/service/service.go:69.16,72.3 2 1
campyuk-api/features/booking/service/service.go:86.88,88.39 2 1
campyuk-api/features/booking/service/service.go:92.2,93.16 2 1
campyuk-api/features/booking/service/service.go:105.2,105.17 1 1
campyuk-api/features/booking/service/service.go:88.39,90.3 1 1
campyuk-api/features/booking/service/service.go:93.16,95.56 2 1
campyuk-api/features/booking/service/service.go:98.3,98.49 1 1
campyuk-api/features/booking/service/service.go:102.3,102.61 1 1
campyuk-api/features/booking/service/service.go:95.56,97.4 1 0
campyuk-api/features/booking/service/service.go:98.49,100.4 1 1
campyuk-api/features/booking/service/service.go:108.86,110.20 2 1
campyuk-api/features/booking/service/service.go:114.2,114.67 1 1
campyuk-api/features/booking/service/service.go:127.2,127.12 1 1
campyuk-api/features/booking/service/service.go:110.20,112.3 1 1
campyuk-api/features/booking/service/service.go:114.67,117.49 3 1
campyuk-api/features/booking/service/service.go:124.3,124.25 1 1
campyuk-api/features/booking/service/service.go:117.49,119.4 1 1
campyuk-api/features/booking/service/service.go:119.9,119.52 1 1
campyuk-api/features/booking/service/service.go:119.52,121.4 1 1
campyuk-api/features/booking/service/service.go:121.9,123.4 1 1
campyuk-api/features/booking/service/service.go:130.86,132.39 2 1
campyuk-api/features/booking/service/service.go:136.2,136.67 1 1
campyuk-api/features/booking/service/service.go:147.2,147.12 1 1
campyuk-api/features/booking/service/service.go:132.39,134.3 1 1
campyuk-api/features/booking/service/service.go:136.67,139.49 3 1
campyuk-api/features/booking/service/service.go:144.3,144.25 1 1
campyuk-api/features/booking/service/service.go:139.49,141.4 1 1
campyuk-api/features/booking/service/service.go:141.9,143.4 1 1
campyuk-api/features/booking/service/service.go:150.68,151.28 1 1
campyuk-api/features/booking/service/service.go:154.2,155.16 2 1
campyuk-api/features/booking/service/service.go:160.2,160.12 1 1
campyuk-api/features/booking/service/service.go:151.28,153.3 1 1
campyuk-api/features/booking/service/service.go:155.16,158.3 2 1
