mode: set
campyuk-api/features/user/services/service.go:19.45,24.2 1 1
campyuk-api/features/user/services/service.go:26.72,28.16 2 1
campyuk-api/features/user/services/service.go:33.2,34.16 2 1
campyuk-api/features/user/services/service.go:40.2,42.16 3 1
campyuk-api/features/user/services/service.go:54.2,54.17 1 1
campyuk-api/features/user/services/service.go:28.16,31.3 2 0
campyuk-api/features/user/services/service.go:34.16,38.3 3 0
campyuk-api/features/user/services/service.go:42.16,44.50 2 1
campyuk-api/features/user/services/service.go:51.3,51.38 1 1
campyuk-api/features/user/services/service.go:44.50,46.4 1 1
campyuk-api/features/user/services/service.go:46.9,46.52 1 1
campyuk-api/features/user/services/service.go:46.52,48.4 1 1
campyuk-api/features/user/services/service.go:48.9,50.4 1 1
campyuk-api/features/user/services/service.go:57.85,59.16 2 1
campyuk-api/features/user/services/service.go:69.2,69.69 1 1
campyuk-api/features/user/services/service.go:74.2,75.27 2 1
campyuk-api/features/user/services/service.go:59.16,61.45 2 1
campyuk-api/features/user/services/service.go:66.3,66.42 1 1
campyuk-api/features/user/services/service.go:61.45,63.4 1 1
campyuk-api/features/user/services/service.go:63.9,65.4 1 1
campyuk-api/features/user/services/service.go:69.69,72.3 2 0
campyuk-api/features/user/services/service.go:78.71,80.13 2 1
campyuk-api/features/user/services/service.go:84.2,85.16 2 1
campyuk-api/features/user/services/service.go:90.2,90.17 1 1
campyuk-api/features/user/services/service.go:80.13,82.3 1 0
campyuk-api/features/user/services/service.go:85.16,88.3 2 1
campyuk-api/features/user/services/service.go:93.124,95.31 2 1
campyuk-api/features/user/services/service.go:100.2,100.28 1 1
campyuk-api/features/user/services/service.go:115.2,116.16 2 1
campyuk-api/features/user/services/service.go:126.2,126.17 1 1
campyuk-api/features/user/services/service.go:95.31,98.3 2 0
campyuk-api/features/user/services/service.go:100.28,102.17 2 1
campyuk-api/features/user/services/service.go:112.3,112.35 1 0
campyuk-api/features/user/services/service.go:102.17,105.52 3 1
campyuk-api/features/user/services/service.go:110.4,110.39 1 1
campyuk-api/features/user/services/service.go:105.52,107.5 1 0
campyuk-api/features/user/services/service.go:107.10,109.5 1 1
campyuk-api/features/user/services/service.go:116.16,118.49 2 1
campyuk-api/features/user/services/service.go:123.3,123.38 1 1
campyuk-api/features/user/services/service.go:118.49,120.4 1 1
campyuk-api/features/user/services/service.go:120.9,122.4 1 1
campyuk-api/features/user/services/service.go:129.57,133.16 3 1
campyuk-api/features/user/services/service.go:138.2,138.12 1 1
campyuk-api/features/user/services/service.go:133.16,136.3 2 1
